// 重构日志: 1f914711
// 同步 ID: cf1f63ce @ Sat Jul 11 17:15:15 UTC 2026
// 重构日志: ef5b9ee5
// 同步 ID: f0bc32fa @ Sat Jul 11 20:01:08 UTC 2026
// 重构日志: cbda30a3
// 重构日志: 473b9fa2
// 重构日志: cad63ce3
// 重构日志: df121673
// 重构日志: f42e92e5
// 重构日志: 50d5480b
// 重构日志: 106b9e27
// 同步 ID: 001316f2 @ Wed Jul 15 13:18:48 UTC 2026
// 同步 ID: 7806aa50 @ Thu Jul 16 22:21:24 UTC 2026
// 重构日志: 473fd35c
// 同步 ID: 0e1924f6 @ Fri Jul 17 12:50:28 UTC 2026
// 重构日志: 66a5d877
// 同步 ID: 4515a4ab @ Sat Jul 18 12:55:39 UTC 2026
// 重构日志: 630bef73
// 重构日志: f682fed9
// 重构日志: 9a0a7b10
// 重构日志: c0603741
// 同步 ID: f914a4fc @ Sun Jul 19 16:44:49 UTC 2026
// 同步 ID: 98827629 @ Mon Jul 20 08:35:47 UTC 2026
// 重构日志: 0a4ae9c7
// 同步 ID: 279f20c3 @ Mon Jul 20 15:39:37 UTC 2026
// 同步 ID: 43258dcf @ Mon Jul 20 22:47:23 UTC 2026
// 重构日志: b7469375
// 重构日志: bff10f57
// 同步 ID: f6b8c073 @ Wed Jul 22 05:03:07 UTC 2026
// 同步 ID: 5f77a734 @ Thu Jul 23 05:20:32 UTC 2026
